# JRE version: Java(TM) SE Runtime Environment (8.0_111-b14) (build 1.8.0_111-b14)
# Java VM: Java HotSpot(TM) Client VM (25.111-b14 mixed mode windows-x86 )
Heap:
 def new generation   total 39424K, used 22788K [0x0f200000, 0x11cc0000, 0x19ca0000)
  eden space 35072K,  52% used [0x0f200000, 0x10401328, 0x11440000)
  from space 4352K, 100% used [0x11880000, 0x11cc0000, 0x11cc0000)
  to   space 4352K,   0% used [0x11440000, 0x11440000, 0x11880000)
 tenured generation   total 87424K, used 16175K [0x19ca0000, 0x1f200000, 0x2f200000)
   the space 87424K,  18% used [0x19ca0000, 0x1ac6be38, 0x1ac6c000, 0x1f200000)
 Metaspace       used 18061K, capacity 18556K, committed 18688K, reserved 18816K
GC Heap History (8 events):
Event: 0.590 GC heap before
{Heap before GC invocations=0 (full 0):
 def new generation   total 39296K, used 34926K [0x0f200000, 0x11ca0000, 0x19ca0000)
  eden space 34944K,  99% used [0x0f200000, 0x1141b878, 0x11420000)
  from space 4352K,   0% used [0x11420000, 0x11420000, 0x11860000)
  to   space 4352K,   0% used [0x11860000, 0x11860000, 0x11ca0000)
 tenured generation   total 87424K, used 0K [0x19ca0000, 0x1f200000, 0x2f200000)
   the space 87424K,   0% used [0x19ca0000, 0x19ca0000, 0x19ca0200, 0x1f200000)
 Metaspace       used 9909K, capacity 10103K, committed 10240K, reserved 10624K
Event: 0.599 GC heap after
Heap after GC invocations=1 (full 0):
 def new generation   total 39296K, used 4352K [0x0f200000, 0x11ca0000, 0x19ca0000)
  eden space 34944K,   0% used [0x0f200000, 0x0f200000, 0x11420000)
  from space 4352K, 100% used [0x11860000, 0x11ca0000, 0x11ca0000)
  to   space 4352K,   0% used [0x11420000, 0x11420000, 0x11860000)
 tenured generation   total 87424K, used 2957K [0x19ca0000, 0x1f200000, 0x2f200000)
   the space 87424K,   3% used [0x19ca0000, 0x19f83478, 0x19f83600, 0x1f200000)
 Metaspace       used 9909K, capacity 10103K, committed 10240K, reserved 10624K
}
Event: 0.905 GC heap before
{Heap before GC invocations=1 (full 0):
 def new generation   total 39296K, used 39296K [0x0f200000, 0x11ca0000, 0x19ca0000)
  eden space 34944K, 100% used [0x0f200000, 0x11420000, 0x11420000)
  from space 4352K, 100% used [0x11860000, 0x11ca0000, 0x11ca0000)
  to   space 4352K,   0% used [0x11420000, 0x11420000, 0x11860000)
 tenured generation   total 87424K, used 2957K [0x19ca0000, 0x1f200000, 0x2f200000)
   the space 87424K,   3% used [0x19ca0000, 0x19f83478, 0x19f83600, 0x1f200000)
 Metaspace       used 11500K, capacity 11870K, committed 11904K, reserved 12672K
Event: 0.922 GC heap after
Heap after GC invocations=2 (full 0):
 def new generation   total 39296K, used 4352K [0x0f200000, 0x11ca0000, 0x19ca0000)
  eden space 34944K,   0% used [0x0f200000, 0x0f200000, 0x11420000)
  from space 4352K, 100% used [0x11420000, 0x11860000, 0x11860000)
  to   space 4352K,   0% used [0x11860000, 0x11860000, 0x11ca0000)
 tenured generation   total 87424K, used 9351K [0x19ca0000, 0x1f200000, 0x2f200000)
   the space 87424K,  10% used [0x19ca0000, 0x1a5c1dd8, 0x1a5c1e00, 0x1f200000)
 Metaspace       used 11500K, capacity 11870K, committed 11904K, reserved 12672K
}
Event: 1.048 GC heap before
{Heap before GC invocations=2 (full 0):
 def new generation   total 39296K, used 22553K [0x0f200000, 0x11ca0000, 0x19ca0000)
  eden space 34944K,  52% used [0x0f200000, 0x103c6588, 0x11420000)
  from space 4352K, 100% used [0x11420000, 0x11860000, 0x11860000)
  to   space 4352K,   0% used [0x11860000, 0x11860000, 0x11ca0000)
 tenured generation   total 87424K, used 9351K [0x19ca0000, 0x1f200000, 0x2f200000)
   the space 87424K,  10% used [0x19ca0000, 0x1a5c1dd8, 0x1a5c1e00, 0x1f200000)
 Metaspace       used 11883K, capacity 12262K, committed 12288K, reserved 12672K
Event: 1.070 GC heap after
Heap after GC invocations=3 (full 1):
 def new generation   total 39424K, used 0K [0x0f200000, 0x11cc0000, 0x19ca0000)
  eden space 35072K,   0% used [0x0f200000, 0x0f200000, 0x11440000)
  from space 4352K,   0% used [0x11440000, 0x11440000, 0x11880000)
  to   space 4352K,   0% used [0x11880000, 0x11880000, 0x11cc0000)
 tenured generation   total 87424K, used 14192K [0x19ca0000, 0x1f200000, 0x2f200000)
   the space 87424K,  16% used [0x19ca0000, 0x1aa7c1e8, 0x1aa7c200, 0x1f200000)
 Metaspace       used 11883K, capacity 12262K, committed 12288K, reserved 12672K
}
Event: 1.621 GC heap before
{Heap before GC invocations=3 (full 1):
 def new generation   total 39424K, used 35072K [0x0f200000, 0x11cc0000, 0x19ca0000)
  eden space 35072K, 100% used [0x0f200000, 0x11440000, 0x11440000)
  from space 4352K,   0% used [0x11440000, 0x11440000, 0x11880000)
  to   space 4352K,   0% used [0x11880000, 0x11880000, 0x11cc0000)
 tenured generation   total 87424K, used 14192K [0x19ca0000, 0x1f200000, 0x2f200000)
   the space 87424K,  16% used [0x19ca0000, 0x1aa7c1e8, 0x1aa7c200, 0x1f200000)
 Metaspace       used 16821K, capacity 17243K, committed 17280K, reserved 17792K
Event: 1.630 GC heap after
Heap after GC invocations=4 (full 1):
 def new generation   total 39424K, used 4352K [0x0f200000, 0x11cc0000, 0x19ca0000)
  eden space 35072K,   0% used [0x0f200000, 0x0f200000, 0x11440000)
  from space 4352K, 100% used [0x11880000, 0x11cc0000, 0x11cc0000)
  to   space 4352K,   0% used [0x11440000, 0x11440000, 0x11880000)
 tenured generation   total 87424K, used 16175K [0x19ca0000, 0x1f200000, 0x2f200000)
   the space 87424K,  18% used [0x19ca0000, 0x1ac6be38, 0x1ac6c000, 0x1f200000)
 Metaspace       used 16821K, capacity 17243K, committed 17280K, reserved 17792K
}

